#
# A fatal error has been detected by the Java Runtime Environment:
#
#  SIGSEGV (0xb) at pc=0x00007fb7773d5cac, pid=1160, tid=1288
#
# JRE version: OpenJDK Runtime Environment (17.0.6+10) (build 17.0.6+10-Ubuntu-0ubuntu122.04)
# Java VM: OpenJDK 64-Bit Server VM (17.0.6+10-Ubuntu-0ubuntu122.04, mixed mode, sharing, tiered, compressed oops, compressed class ptrs, g1 gc, linux-amd64)
# Problematic frame:
# C  [libnvwgf2umx.so+0x28a2cac]
#
# No core dump will be written. Core dumps have been disabled. To enable core dumping, try "ulimit -c unlimited" before starting Java again
#
# If you would like to submit a bug report, please visit:
#   Unknown
#

---------------  S U M M A R Y ------------

Command Line: -Dclassworlds.conf=/usr/share/maven/bin/m2.conf -Dmaven.home=/usr/share/maven -Dlibrary.jansi.path=/usr/share/maven/lib/jansi-native -Dmaven.multiModuleProjectDirectory=/mnt/c/Users/Kosta/Documents/effortLoggerM19 org.codehaus.plexus.classworlds.launcher.Launcher exec:java

Host: Intel(R) Core(TM) i7-10875H CPU @ 2.30GHz, 16 cores, 7G, Ubuntu 22.04.2 LTS
Time: Fri Apr 28 17:34:07 2023 MST elapsed time: 116.548135 seconds (0d 0h 1m 56s)

---------------  T H R E A D  ---------------

Current thread is native thread

Stack: [0x00007fb774334000,0x00007fb774b33000],  sp=0x00007fb774b31d90,  free space=8183k
Native frames: (J=compiled Java code, j=interpreted, Vv=VM code, C=native code)
C  [libnvwgf2umx.so+0x28a2cac]


siginfo: si_signo: 11 (SIGSEGV), si_code: 1 (SEGV_MAPERR), si_addr: 0x00007fb7f40bb000

Registers:
RAX=0x000000000000001e, RBX=0x00007fb7b03aae80, RCX=0x00007fb7b0429ab0, RDX=0x00007fb774b31da8
