#
# A fatal error has been detected by the Java Runtime Environment:
#
#  SIGSEGV (0xb) at pc=0x00007f2027448cac, pid=11883, tid=11984
#
# JRE version: OpenJDK Runtime Environment (17.0.6+10) (build 17.0.6+10-Ubuntu-0ubuntu122.04)
# Java VM: OpenJDK 64-Bit Server VM (17.0.6+10-Ubuntu-0ubuntu122.04, mixed mode, sharing, tiered, compressed oops, compressed class ptrs, g1 gc, linux-amd64)
# Problematic frame:
# C  [libnvwgf2umx.so+0x28a2cac]
#
# No core dump will be written. Core dumps have been disabled. To enable core dumping, try "ulimit -c unlimited" before starting Java again
#
# If you would like to submit a bug report, please visit:
#   Unknown
#

---------------  S U M M A R Y ------------

Command Line: -Dclassworlds.conf=/usr/share/maven/bin/m2.conf -Dmaven.home=/usr/share/maven -Dlibrary.jansi.path=/usr/share/maven/lib/jansi-native -Dmaven.multiModuleProjectDirectory=/mnt/c/Users/Kosta/Documents/effortLoggerM19 org.codehaus.plexus.classworlds.launcher.Launcher exec:java

Host: Intel(R) Core(TM) i7-10875H CPU @ 2.30GHz, 16 cores, 7G, Ubuntu 22.04.2 LTS
Time: Sat Apr 29 16:21:55 2023 MST elapsed time: 282.509113 seconds (0d 0h 4m 42s)

---------------  T H R E A D  ---------------

Current thread is native thread

Stack: [0x00007f2024190000,0x00007f202498f000],  sp=0x00007f202498dd90,  free space=8183k
Native frames: (J=compiled Java code, j=interpreted, Vv=VM code, C=native code)
C  [libnvwgf2umx.so+0x28a2cac]


siginfo: si_signo: 11 (SIGSEGV), si_code: 1 (SEGV_MAPERR), si_addr: 0x00007f202498f000

Registers:
RAX=0x000000000000001e, RBX=0x00007f205c392cc0, RCX=0x00007f205c411b30, RDX=0x00007f202498dda8
RSP=0x00007f202498dd90, RBP=0x0000000000000000, RSI=0x00007f202498f000, RDI=0x0000000000000000
R8 =0x00007f2020000b70, R9 =0x00007fffed37a080, R10=0x0000000000071064, R11=0x527204ee3ef0468d
R12=0x00007f205c410920, R13=0x00007f202498de01