#
# A fatal error has been detected by the Java Runtime Environment:
#
#  SIGSEGV (0xb) at pc=0x00007f2b36dbfcac, pid=2334, tid=2448
#
# JRE version: OpenJDK Runtime Environment (17.0.6+10) (build 17.0.6+10-Ubuntu-0ubuntu122.04)
# Java VM: OpenJDK 64-Bit Server VM (17.0.6+10-Ubuntu-0ubuntu122.04, mixed mode, sharing, tiered, compressed oops, compressed class ptrs, g1 gc, linux-amd64)
# Problematic frame:
# C  [libnvwgf2umx.so+0x28a2cac]
#
# No core dump will be written. Core dumps have been disabled. To enable core dumping, try "ulimit -c unlimited" before starting Java again
#
# If you would like to submit a bug report, please visit:
#   Unknown
#

---------------  S U M M A R Y ------------

Command Line: -Dclassworlds.conf=/usr/share/maven/bin/m2.conf -Dmaven.home=/usr/share/maven -Dlibrary.jansi.path=/usr/share/maven/lib/jansi-native -Dmaven.multiModuleProjectDirectory=/mnt/c/Users/Kosta/Documents/effortLoggerM19 org.codehaus.plexus.classworlds.launcher.Launcher exec:java

Host: Intel(R) Core(TM) i7-10875H CPU @ 2.30GHz, 16 cores, 7G, Ubuntu 22.04.2 LTS
Time: Sun Apr 30 13:06:31 2023 MST elapsed time: 221.563788 seconds (0d 0h 3m 41s)

---------------  T H R E A D  ---------------

Current thread is native thread

Stack: [0x00007f2b33d1e000,0x00007f2b3451d000],  sp=0x00007f2b3451bd90,  free space=8183k
Native frames: (J=compiled Java code, j=interpreted, Vv=VM code, C=native code)
C  [libnvwgf2umx.so+0x28a2cac]


siginfo: si_signo: 11 (SIGSEGV), si_code: 1 (SEGV_MAPERR), si_addr: 0x00007f2b44000000

Registers:
RAX=0x000000000000001e, RBX=0x00007f2b703a6400, RCX=0x00007f2b70425360, RDX=0x00007f2b3451bda8
RSP=0x00007f2b3451bd90, RBP=0x0000000000000000, RSI=0x00007f2b44000000, RDI=0x0000000000000000
R8 =0x00007f2b6c144260, R9 =0x00007ffccc3f8080